c:\users\bryce\desktop\gbe\gbe\x64\debug\vc143.pdb
c:\users\bryce\desktop\gbe\gbe\x64\debug\vc143.idb
c:\users\bryce\desktop\gbe\gbe\x64\debug\timer.obj
c:\users\bryce\desktop\gbe\gbe\x64\debug\ppu.obj
c:\users\bryce\desktop\gbe\gbe\x64\debug\main.obj
c:\users\bryce\desktop\gbe\gbe\x64\debug\instructions.obj
c:\users\bryce\desktop\gbe\gbe\x64\debug\emulator.obj
c:\users\bryce\desktop\gbe\gbe\x64\debug\cpu.obj
c:\users\bryce\desktop\gbe\gbe\x64\debug\cartridge.obj
c:\users\bryce\desktop\gbe\gbe\x64\debug\bus.obj
c:\users\bryce\desktop\gbe\x64\debug\gbe.pdb
c:\users\bryce\desktop\gbe\gbe\x64\debug\gbe.tlog\cl.command.1.tlog
c:\users\bryce\desktop\gbe\gbe\x64\debug\gbe.tlog\cl.read.1.tlog
c:\users\bryce\desktop\gbe\gbe\x64\debug\gbe.tlog\cl.write.1.tlog
c:\users\bryce\desktop\gbe\gbe\x64\debug\gbe.tlog\link-cvtres.read.1.tlog
c:\users\bryce\desktop\gbe\gbe\x64\debug\gbe.tlog\link-cvtres.write.1.tlog
c:\users\bryce\desktop\gbe\gbe\x64\debug\gbe.tlog\link-rc.read.1.tlog
c:\users\bryce\desktop\gbe\gbe\x64\debug\gbe.tlog\link-rc.write.1.tlog
c:\users\bryce\desktop\gbe\gbe\x64\debug\gbe.tlog\link.command.1.tlog
c:\users\bryce\desktop\gbe\gbe\x64\debug\gbe.tlog\link.read.1.tlog
c:\users\bryce\desktop\gbe\gbe\x64\debug\gbe.tlog\link.read.2.tlog
c:\users\bryce\desktop\gbe\gbe\x64\debug\gbe.tlog\link.write.1.tlog
